Arguments: 
  /usr/local/bin/node /usr/local/bin/yarn add @babel/parser @babel/traverse @babel/core @babel/preset-env

PATH: 
  /usr/local/bin:/usr/bin:/bin:/usr/sbin:/sbin:/Users/hzb/Documents/leecode/node_modules/.bin

Yarn version: 
  1.16.0

Node version: 
  10.16.3

Platform: 
  darwin x64

Trace: 
  Error: read ECONNRESET
      at TCP.onStreamRead (internal/stream_base_commons.js:111:27)

npm manifest: 
  {
    "name": "webpack",
    "version": "1.0.0",
    "main": "index.js",
    "license": "MIT"
  }

yarn manifest: 
  No manifest

Lockfile: 
  No lockfile
